<?xml version="1.0" encoding="UTF-8"?>
<testsuite name="TestDataClasses" tests="1" skipped="0" failures="0" errors="0" timestamp="2019-04-16T04:55:49" hostname="MacBook-Pro-de-Manu-2.local" time="0.016">
  <properties/>
  <testcase name="testListOfPeople" classname="TestDataClasses" time="0.016"/>
  <system-out><![CDATA[]]></system-out>
  <system-err><![CDATA[]]></system-err>
</testsuite>
