<?xml version="1.0" encoding="UTF-8"?>
<testsuite name="TestSmartCasts" tests="3" skipped="0" failures="0" errors="0" timestamp="2019-04-16T05:12:43" hostname="MacBook-Pro-de-Manu-2.local" time="0.006">
  <properties/>
  <testcase name="testNum" classname="TestSmartCasts" time="0.004"/>
  <testcase name="testSum" classname="TestSmartCasts" time="0.0"/>
  <testcase name="testRecursion" classname="TestSmartCasts" time="0.001"/>
  <system-out><![CDATA[]]></system-out>
  <system-err><![CDATA[]]></system-err>
</testsuite>
