<?xml version="1.0" encoding="UTF-8"?>
<testsuite name="TestLambdas" tests="2" skipped="0" failures="0" errors="0" timestamp="2019-04-12T15:07:02" hostname="MacBook-Pro-de-Manu-2.local" time="0.018">
  <properties/>
  <testcase name="contains" classname="TestLambdas" time="0.018"/>
  <testcase name="notContains" classname="TestLambdas" time="0.0"/>
  <system-out><![CDATA[]]></system-out>
  <system-err><![CDATA[]]></system-err>
</testsuite>
