<?xml version="1.0" encoding="UTF-8"?>
<testsuite name="TestExtensionFunctions" tests="2" skipped="0" failures="0" errors="0" timestamp="2019-04-16T12:57:25" hostname="MacBook-Pro-de-Manu-2.local" time="0.006">
  <properties/>
  <testcase name="testPairExtension" classname="TestExtensionFunctions" time="0.006"/>
  <testcase name="testIntExtension" classname="TestExtensionFunctions" time="0.0"/>
  <system-out><![CDATA[]]></system-out>
  <system-err><![CDATA[]]></system-err>
</testsuite>
